{"name": "TC_REG_005: Đăng ký thất bại - Mật khẩu quá ngắn (< 6 ký tự)", "status": "failed", "statusDetails": {"message": "AssertionError: assert None is not None", "trace": "register_page = <tests.page_objects.register_page.RegisterPage object at 0x0000019B004EB0D0>\n\n    @allure.title(\"TC_REG_005: Đăng ký thất bại - Mật khẩu quá ngắn (< 6 ký tự)\")\n    @allure.severity(allure.severity_level.NORMAL)\n    def test_register_short_password(register_page):\n        \"\"\"Test validation mật khẩu quá ngắn\"\"\"\n        with allure.step(\"Mở trang đăng ký\"):\n            register_page.open_register_page()\n            time.sleep(1)\n    \n        with allure.step(\"Nhập mật khẩu chỉ 5 ký tự\"):\n            register_page.register(\n                full_name=Helpers.generate_random_name(),\n                username=Helpers.generate_random_username(),\n                email=Helpers.generate_random_email(),\n                phone=Helpers.generate_random_phone(),\n                address=Helpers.generate_random_address(),\n                password=\"12345\"  # quá ngắn\n            )\n            time.sleep(2)\n    \n        with allure.step(\"Kiểm tra thông báo lỗi độ dài mật khẩu\"):\n            error_msg = register_page.get_error_message()\n>           assert error_msg is not None\nE           assert None is not None\n\ntests\\test_cases\\test_register.py:149: AssertionError"}, "description": "Test validation mật khẩu quá ngắn", "steps": [{"name": "Mở trang đăng ký", "status": "passed", "start": 1765378262171, "stop": 1765378263725}, {"name": "Nhập mật khẩu chỉ 5 ký tự", "status": "passed", "start": 1765378263725, "stop": 1765378266636}, {"name": "Kiểm tra thông báo lỗi độ dài mật khẩu", "status": "failed", "statusDetails": {"message": "AssertionError: assert None is not None\n", "trace": "  File \"D:\\CacMonHoc\\DACNCNPM\\bus_ticket\\tests\\test_cases\\test_register.py\", line 149, in test_register_short_password\n    assert error_msg is not None\n"}, "start": 1765378266637, "stop": 1765378277240}], "attachments": [{"name": "FAILED_test_register_short_password", "source": "0794d1c0-10eb-4800-b319-20cbdf151c96-attachment.png", "type": "image/png"}, {"name": "stdout", "source": "a39af6cc-afbb-4dd1-a3d1-967e59debd86-attachment.txt", "type": "text/plain"}], "start": 1765378262171, "stop": 1765378277248, "uuid": "0ab5f04a-0572-4d66-9e10-63cdc12b19dc", "historyId": "9c58b3fb6ad19c5c79e26f3e3771b8ca", "testCaseId": "9c58b3fb6ad19c5c79e26f3e3771b8ca", "fullName": "tests.test_cases.test_register#test_register_short_password", "labels": [{"name": "severity", "value": "normal"}, {"name": "parentSuite", "value": "tests.test_cases"}, {"name": "suite", "value": "test_register"}, {"name": "host", "value": "VANTHUAN"}, {"name": "thread", "value": "17184-MainThread"}, {"name": "framework", "value": "pytest"}, {"name": "language", "value": "cpython3"}, {"name": "package", "value": "tests.test_cases.test_register"}]}