{"name": "TC_LOGIN_001: Đăng nhập thành công với user hợp lệ", "status": "failed", "statusDetails": {"message": "AssertionError: Vẫn ở trang login, đăng nhập thất bại\nassert 'login' not in 'http://loca...t:5000/login'\n  \n  'login' is contained here:\n    http://localhost:5000/login\n  ?                       +++++", "trace": "self = <tests.test_cases.test_login.TestLogin object at 0x0000019B0042F9A0>\nlogin_page = <tests.page_objects.login_page.LoginPage object at 0x0000019B004BDE10>\ntest_data = {'admin_user': {'password': 'admin123', 'username': 'admin'}, 'invalid_user': {'password': 'wrongpass', 'username': 'w...: 'Nguyễn Văn Test', 'password': 'test123456', ...}, 'valid_user': {'password': 'password123', 'username': 'testuser'}}\n\n    @allure.title(\"TC_LOGIN_001: Đăng nhập thành công với user hợp lệ\")\n    @allure.severity(allure.severity_level.CRITICAL)\n    def test_login_success(self, login_page, test_data):\n        \"\"\"Test đăng nhập thành công\"\"\"\n        with allure.step(\"Mở trang đăng nhập\"):\n            login_page.open_login_page()\n            time.sleep(1)\n    \n        with allure.step(\"Verify đang ở trang login\"):\n            assert login_page.is_on_login_page(), \"Không ở trang login\"\n    \n        user = test_data['valid_user']\n        with allure.step(f\"Điền username: {user['username']} và password\"):\n            login_page.login(user['username'], user['password'])\n            time.sleep(2)\n    \n        with allure.step(\"Verify đăng nhập thành công\"):\n            current_url = login_page.get_current_url()\n>           assert \"login\" not in current_url.lower(), \"Vẫn ở trang login, đăng nhập thất bại\"\nE           AssertionError: Vẫn ở trang login, đăng nhập thất bại\nE           assert 'login' not in 'http://loca...t:5000/login'\nE             \nE             'login' is contained here:\nE               http://localhost:5000/login\nE             ?                       +++++\n\ntests\\test_cases\\test_login.py:31: AssertionError"}, "description": "Test đăng nhập thành công", "steps": [{"name": "Mở trang đăng nhập", "status": "passed", "start": 1765378060951, "stop": 1765378062851}, {"name": "Verify đang ở trang login", "status": "passed", "start": 1765378062851, "stop": 1765378062935}, {"name": "Điền username: testuser và password", "status": "passed", "start": 1765378062935, "stop": 1765378065770}, {"name": "Verify đăng nhập thành công", "status": "failed", "statusDetails": {"message": "AssertionError: Vẫn ở trang login, đăng nhập thất bại\nassert 'login' not in 'http://loca...t:5000/login'\n  \n  'login' is contained here:\n    http://localhost:5000/login\n  ?                       +++++\n", "trace": "  File \"D:\\CacMonHoc\\DACNCNPM\\bus_ticket\\tests\\test_cases\\test_login.py\", line 31, in test_login_success\n    assert \"login\" not in current_url.lower(), \"Vẫn ở trang login, đăng nhập thất bại\"\n"}, "start": 1765378065770, "stop": 1765378065777}], "attachments": [{"name": "FAILED_test_login_success", "source": "0cd042db-4f3d-4ad1-90ed-5e47eb6b0753-attachment.png", "type": "image/png"}, {"name": "stdout", "source": "279d88f7-3a25-4587-9ff5-bedc1edd0368-attachment.txt", "type": "text/plain"}], "start": 1765378060951, "stop": 1765378065779, "uuid": "0ac6502b-e614-4cbc-ae73-7d10a2020f93", "historyId": "5be911766a502162c3797ac750ce3fa4", "testCaseId": "5be911766a502162c3797ac750ce3fa4", "fullName": "tests.test_cases.test_login.TestLogin#test_login_success", "labels": [{"name": "suite", "value": "Login Tests"}, {"name": "severity", "value": "critical"}, {"name": "feature", "value": "Authentication"}, {"name": "parentSuite", "value": "tests.test_cases"}, {"name": "subSuite", "value": "TestLogin"}, {"name": "host", "value": "VANTHUAN"}, {"name": "thread", "value": "17184-MainThread"}, {"name": "framework", "value": "pytest"}, {"name": "language", "value": "cpython3"}, {"name": "package", "value": "tests.test_cases.test_login"}]}