{"name": "TC_REG_002: Đăng ký với username đã tồn tại", "status": "failed", "statusDetails": {"message": "AssertionError: Không hiển thị thông báo lỗi\nassert None is not None", "trace": "self = <tests.test_cases.test_login.TestLogin object at 0x000002227A2DF310>\nregister_page = <tests.page_objects.register_page.RegisterPage object at 0x000002227A2A7430>\ntest_data = {'admin_user': {'password': 'admin123', 'username': 'admin'}, 'invalid_user': {'password': 'wrongpass', 'username': 'w...: 'Nguyễn Văn Test', 'password': 'test123456', ...}, 'valid_user': {'password': 'password123', 'username': 'testuser'}}\n\n    @allure.title(\"TC_REG_002: Đăng ký với username đã tồn tại\")\n    @allure.severity(allure.severity_level.NORMAL)\n    def test_register_with_existing_username(self, register_page, test_data):\n        \"\"\"Test đăng ký với username đã có\"\"\"\n        with allure.step(\"Mở trang đăng ký\"):\n            register_page.open_register_page()\n            time.sleep(1)\n    \n        user = test_data['register_data']\n        with allure.step(\"Đăng ký với username đã tồn tại\"):\n            register_page.register(\n                full_name=user['full_name'],\n                username=user['username'],  # Username đã tồn tại\n                email=Helpers.generate_random_email(),\n                phone=Helpers.generate_random_phone(),\n                address=user['address'],\n                password=user['password']\n            )\n            time.sleep(2)\n    \n        with allure.step(\"Verify hiển thị thông báo lỗi\"):\n            error_msg = register_page.get_error_message()\n>           assert error_msg is not None, \"Không hiển thị thông báo lỗi\"\nE           AssertionError: Không hiển thị thông báo lỗi\nE           assert None is not None\n\ntests\\test_cases\\test_login.py:62: AssertionError"}, "description": "Test đăng ký với username đã có", "steps": [{"name": "Mở trang đăng ký", "status": "passed", "start": 1765377238350, "stop": 1765377240037}, {"name": "Đăng ký với username đã tồn tại", "status": "passed", "start": 1765377240037, "stop": 1765377243687}, {"name": "Verify hiển thị thông báo lỗi", "status": "failed", "statusDetails": {"message": "AssertionError: Không hiển thị thông báo lỗi\nassert None is not None\n", "trace": "  File \"D:\\CacMonHoc\\DACNCNPM\\bus_ticket\\tests\\test_cases\\test_login.py\", line 62, in test_register_with_existing_username\n    assert error_msg is not None, \"Không hiển thị thông báo lỗi\"\n"}, "start": 1765377243687, "stop": 1765377254257}], "attachments": [{"name": "FAILED_test_register_with_existing_username", "source": "11c99c63-f0c4-4189-9e6e-895ee4181607-attachment.png", "type": "image/png"}, {"name": "stdout", "source": "1bdf0aee-7a96-44c0-9bb5-976cf47502dc-attachment.txt", "type": "text/plain"}], "start": 1765377238350, "stop": 1765377254258, "uuid": "9e158fc1-e4cf-40b4-ac4c-83d53e5d2cfe", "historyId": "fbf152a0827978579fd8825889ed8532", "testCaseId": "fbf152a0827978579fd8825889ed8532", "fullName": "tests.test_cases.test_login.TestLogin#test_register_with_existing_username", "labels": [{"name": "feature", "value": "Authentication"}, {"name": "severity", "value": "normal"}, {"name": "suite", "value": "Login Tests"}, {"name": "parentSuite", "value": "tests.test_cases"}, {"name": "subSuite", "value": "TestLogin"}, {"name": "host", "value": "VANTHUAN"}, {"name": "thread", "value": "23868-MainThread"}, {"name": "framework", "value": "pytest"}, {"name": "language", "value": "cpython3"}, {"name": "package", "value": "tests.test_cases.test_login"}]}