{"name": "TC_REG_005: Đăng ký thất bại - Mật khẩu quá ngắn (< 6 ký tự)", "status": "failed", "statusDetails": {"message": "AssertionError: assert None is not None", "trace": "register_page = <tests.page_objects.register_page.RegisterPage object at 0x000002227B80BA30>\n\n    @allure.title(\"TC_REG_005: Đăng ký thất bại - Mật khẩu quá ngắn (< 6 ký tự)\")\n    @allure.severity(allure.severity_level.NORMAL)\n    def test_register_short_password(register_page):\n        \"\"\"Test validation mật khẩu quá ngắn\"\"\"\n        with allure.step(\"Mở trang đăng ký\"):\n            register_page.open_register_page()\n            time.sleep(1)\n    \n        with allure.step(\"Nhập mật khẩu chỉ 5 ký tự\"):\n            register_page.register(\n                full_name=Helpers.generate_random_name(),\n                username=Helpers.generate_random_username(),\n                email=Helpers.generate_random_email(),\n                phone=Helpers.generate_random_phone(),\n                address=Helpers.generate_random_address(),\n                password=\"12345\"  # quá ngắn\n            )\n            time.sleep(2)\n    \n        with allure.step(\"Kiểm tra thông báo lỗi độ dài mật khẩu\"):\n            error_msg = register_page.get_error_message()\n>           assert error_msg is not None\nE           assert None is not None\n\ntests\\test_cases\\test_register.py:147: AssertionError"}, "description": "Test validation mật khẩu quá ngắn", "steps": [{"name": "Mở trang đăng ký", "status": "passed", "start": 1765377440701, "stop": 1765377442298}, {"name": "Nhập mật khẩu chỉ 5 ký tự", "status": "passed", "start": 1765377442298, "stop": 1765377445181}, {"name": "Kiểm tra thông báo lỗi độ dài mật khẩu", "status": "failed", "statusDetails": {"message": "AssertionError: assert None is not None\n", "trace": "  File \"D:\\CacMonHoc\\DACNCNPM\\bus_ticket\\tests\\test_cases\\test_register.py\", line 147, in test_register_short_password\n    assert error_msg is not None\n"}, "start": 1765377445181, "stop": 1765377455760}], "attachments": [{"name": "FAILED_test_register_short_password", "source": "7fa49005-6d9f-477c-b82e-e5064289d86f-attachment.png", "type": "image/png"}, {"name": "stdout", "source": "f01b7ac2-d661-4736-9ba5-2a69a3fd8bfa-attachment.txt", "type": "text/plain"}], "start": 1765377440700, "stop": 1765377455761, "uuid": "91489fb5-4257-49e7-81f1-12397523bbbc", "historyId": "9c58b3fb6ad19c5c79e26f3e3771b8ca", "testCaseId": "9c58b3fb6ad19c5c79e26f3e3771b8ca", "fullName": "tests.test_cases.test_register#test_register_short_password", "labels": [{"name": "severity", "value": "normal"}, {"name": "parentSuite", "value": "tests.test_cases"}, {"name": "suite", "value": "test_register"}, {"name": "host", "value": "VANTHUAN"}, {"name": "thread", "value": "23868-MainThread"}, {"name": "framework", "value": "pytest"}, {"name": "language", "value": "cpython3"}, {"name": "package", "value": "tests.test_cases.test_register"}]}