{"name": "TC_SEARCH_001: Tìm kiếm chuyến xe thành công", "status": "failed", "statusDetails": {"message": "AssertionError: Không tìm thấy chuyến xe nào. Count = 0\nassert 0 > 0", "trace": "self = <tests.test_cases.test_search_complete.TestSearchResults object at 0x0000027F7AAD85B0>\nlogged_in_driver = <selenium.webdriver.chrome.webdriver.WebDriver (session=\"9507b99d37e9dc52620ae05e872739e2\")>\nsearch_page = <tests.test_cases.test_search_complete.SearchPage object at 0x0000027F79565030>\n\n    @allure.title(\"TC_SEARCH_001: Tìm kiếm chuyến xe thành công\")\n    @allure.severity(allure.severity_level.CRITICAL)\n    def test_search_trips_success(self, logged_in_driver, search_page):\n        \"\"\"Test tìm kiếm chuyến xe cơ bản\"\"\"\n        with allure.step(\"Mở trang search với params\"):\n            search_data = SEARCH_DATA[\"valid_search\"]\n            search_page.open_search(\n                search_data[\"departure\"],\n                search_data[\"arrival\"],\n                search_data[\"date\"]\n            )\n            time.sleep(2)\n    \n        with allure.step(\"Verify có kết quả tìm kiếm\"):\n            result_count = search_page.get_result_count()\n>           assert result_count > 0, f\"Không tìm thấy chuyến xe nào. Count = {result_count}\"\nE           AssertionError: Không tìm thấy chuyến xe nào. Count = 0\nE           assert 0 > 0\n\ntests\\test_cases\\test_search_complete.py:395: AssertionError"}, "description": "Test tìm kiếm chuyến xe cơ bản", "steps": [{"name": "Mở trang search với params", "status": "passed", "start": 1765415782626, "stop": 1765415785083}, {"name": "Verify có kết quả tìm kiếm", "status": "failed", "statusDetails": {"message": "AssertionError: Không tìm thấy chuyến xe nào. Count = 0\nassert 0 > 0\n", "trace": "  File \"D:\\CacMonHoc\\DACNCNPM\\bus_ticket\\tests\\test_cases\\test_search_complete.py\", line 395, in test_search_trips_success\n    assert result_count > 0, f\"Không tìm thấy chuyến xe nào. Count = {result_count}\"\n"}, "start": 1765415785083, "stop": 1765415785100}], "attachments": [{"name": "FAILED_test_search_trips_success", "source": "1c829962-8776-42a0-8027-51537438fd92-attachment.png", "type": "image/png"}, {"name": "stdout", "source": "b3e2623b-a465-41c0-9cd1-74f87353e645-attachment.txt", "type": "text/plain"}], "start": 1765415782626, "stop": 1765415785100, "uuid": "a8b27762-cbf4-4b79-b68c-dfad380fbc1e", "historyId": "02d608281e4f49fa3a2df0ba8209fcae", "testCaseId": "02d608281e4f49fa3a2df0ba8209fcae", "fullName": "tests.test_cases.test_search_complete.TestSearchResults#test_search_trips_success", "labels": [{"name": "feature", "value": "Search & Filter"}, {"name": "suite", "value": "Search Tests"}, {"name": "severity", "value": "critical"}, {"name": "parentSuite", "value": "tests.test_cases"}, {"name": "subSuite", "value": "TestSearchResults"}, {"name": "host", "value": "VANTHUAN"}, {"name": "thread", "value": "21240-MainThread"}, {"name": "framework", "value": "pytest"}, {"name": "language", "value": "cpython3"}, {"name": "package", "value": "tests.test_cases.test_search_complete"}]}