{"name": "TC_SEAT_001: Chọn ghế thành công và chuyển sang thanh toán", "status": "failed", "statusDetails": {"message": "AssertionError: URL sai: http://localhost:5000/booking/26?date=2025-12-6\nassert False\n +  where False = any(<generator object BookingFlow.select_seat_and_continue.<locals>.<genexpr> at 0x0000019936CD5A80>)", "trace": "self = <tests.test_cases.test_booking_complete.TestBookingFlow object at 0x0000019936CA3400>\ndriver = <selenium.webdriver.chrome.webdriver.WebDriver (session=\"a1c6c596a4ffc6adaf273be8abd0bdc0\")>\nwait = <selenium.webdriver.support.wait.WebDriverWait (session=\"a1c6c596a4ffc6adaf273be8abd0bdc0\")>\n\n    @allure.title(\"TC_SEAT_001: Chọn ghế thành công và chuyển sang thanh toán\")\n    def test_select_seat_success(self, driver, wait):\n        flow = BookingFlow(driver, wait)\n        flow.login()\n        flow.go_to_seat_selection()\n>       flow.select_seat_and_continue([3, 4])\n\ntests\\test_cases\\test_booking_complete.py:136: \n_ _ _ _ _ _ _ _ _ _ _ _ _ _ _ _ _ _ _ _ _ _ _ _ _ _ _ _ _ _ _ _ _ _ _ _ _ _ _ _ _ _ _ _ _ _ _ _ _ _ _ _ _ _ _ _ _ _ _ _ _ _ _ _ _ _ _ _ _ _ _ _ _ _ _ _ _ _ _ _ _ _ \n\nself = <tests.test_cases.test_booking_complete.BookingFlow object at 0x0000019936CE9C00>, seats = [3, 4]\n\n    def select_seat_and_continue(self, seats=[1, 2]):\n        # Chọn ghế\n        for num in seats:\n            try:\n                seat = self.wait.until(\n                    EC.element_to_be_clickable((By.CSS_SELECTOR, f\".seat.available[data-seat='{num}']\"))\n                )\n                seat.click()\n                time.sleep(1)\n            except:\n                print(f\"Ghế {num} không trống, thử ghế khác...\")\n    \n        # Điền thông tin\n        self.driver.find_element(By.NAME, \"passenger_name\").send_keys(\"Nguyễn Văn Test\")\n        self.driver.find_element(By.NAME, \"passenger_phone\").send_keys(\"0901234567\")\n        self.driver.find_element(By.NAME, \"passenger_email\").send_keys(\"test@gmail.com\")\n    \n        # Click tiếp tục\n        btn = self.wait.until(EC.element_to_be_clickable((By.ID, \"btnContinue\")))\n        btn.click()\n        time.sleep(5)\n    \n        # TRANG THANH TOÁN CỦA BẠN LÀ /booking/payment HOẶC /payment\n        current = self.driver.current_url.lower()\n>       assert any(x in current for x in [\"payment\", \"booking/payment\"]), f\"URL sai: {current}\"\nE       AssertionError: URL sai: http://localhost:5000/booking/26?date=2025-12-6\nE       assert False\nE        +  where False = any(<generator object BookingFlow.select_seat_and_continue.<locals>.<genexpr> at 0x0000019936CD5A80>)\n\ntests\\test_cases\\test_booking_complete.py:118: AssertionError"}, "attachments": [{"name": "FAILED_test_select_seat_success", "source": "e796b1b8-3317-4397-b7f3-2c2c8c4607f4-attachment.png", "type": "image/png"}, {"name": "stdout", "source": "9de57b7a-9a60-4bef-a89f-9bacea350315-attachment.txt", "type": "text/plain"}], "start": 1765418485405, "stop": 1765418507184, "uuid": "a2e0e592-6d8b-4bd1-a1ea-a3ed517d47b5", "historyId": "2c0827ebe8b9a23ba6cc9ad9c82b5512", "testCaseId": "2c0827ebe8b9a23ba6cc9ad9c82b5512", "fullName": "tests.test_cases.test_booking_complete.TestBookingFlow#test_select_seat_success", "labels": [{"name": "feature", "value": "Booking Flow"}, {"name": "parentSuite", "value": "tests.test_cases"}, {"name": "suite", "value": "test_booking_complete"}, {"name": "subSuite", "value": "TestBookingFlow"}, {"name": "host", "value": "VANTHUAN"}, {"name": "thread", "value": "32228-MainThread"}, {"name": "framework", "value": "pytest"}, {"name": "language", "value": "cpython3"}, {"name": "package", "value": "tests.test_cases.test_booking_complete"}]}