{"name": "TC_PAYMENT_002: Có thể chọn MoMo", "status": "broken", "statusDetails": {"message": "selenium.common.exceptions.TimeoutException: Message: \nStacktrace:\nSymbols not available. Dumping unresolved backtrace:\n\t0x454103\n\t0x454144\n\t0x25e71d\n\t0x2aa03d\n\t0x2aa41b\n\t0x2f17f2\n\t0x2cc954\n\t0x2eee17\n\t0x2cc706\n\t0x29da30\n\t0x29ed54\n\t0x6c57b4\n\t0x6c098a\n\t0x47c392\n\t0x46c4c8\n\t0x47324d\n\t0x45c478\n\t0x45c63c\n\t0x4467ca\n\t0x75a75d49\n\t0x7751d6db\n\t0x7751d661", "trace": "self = <tests.test_cases.test_booking_complete.TestBookingFlow object at 0x0000016EB4353D30>\ndriver = <selenium.webdriver.chrome.webdriver.WebDriver (session=\"20574f097ddc85228a5014f06cf40f2c\")>\nwait = <selenium.webdriver.support.wait.WebDriverWait (session=\"20574f097ddc85228a5014f06cf40f2c\")>\n\n    @allure.title(\"TC_PAYMENT_002: Có thể chọn MoMo\")\n    def test_can_select_momo(self, driver, wait):\n        flow = BookingFlow(driver, wait)\n        flow.login()\n        flow.go_to_seat_selection()\n        flow.select_seat_and_submit([6])\n    \n>       momo_radio = wait.until(EC.element_to_be_clickable((By.CSS_SELECTOR, \"input[value='momo']\")))\n\ntests\\test_cases\\test_booking_complete.py:146: \n_ _ _ _ _ _ _ _ _ _ _ _ _ _ _ _ _ _ _ _ _ _ _ _ _ _ _ _ _ _ _ _ _ _ _ _ _ _ _ _ _ _ _ _ _ _ _ _ _ _ _ _ _ _ _ _ _ _ _ _ _ _ _ _ _ _ _ _ _ _ _ _ _ _ _ _ _ _ _ _ _ _ \n\nself = <selenium.webdriver.support.wait.WebDriverWait (session=\"20574f097ddc85228a5014f06cf40f2c\")>\nmethod = <function element_to_be_clickable.<locals>._predicate at 0x0000016EB42DB0A0>, message = ''\n\n    def until(self, method: Callable[[D], Union[Literal[False], T]], message: str = \"\") -> T:\n        \"\"\"Calls the method provided with the driver as an argument until the \\\n        return value does not evaluate to ``False``.\n    \n        :param method: callable(WebDriver)\n        :param message: optional message for :exc:`TimeoutException`\n        :returns: the result of the last call to `method`\n        :raises: :exc:`selenium.common.exceptions.TimeoutException` if timeout occurs\n        \"\"\"\n        screen = None\n        stacktrace = None\n    \n        end_time = time.monotonic() + self._timeout\n        while True:\n            try:\n                value = method(self._driver)\n                if value:\n                    return value\n            except self._ignored_exceptions as exc:\n                screen = getattr(exc, \"screen\", None)\n                stacktrace = getattr(exc, \"stacktrace\", None)\n            time.sleep(self._poll)\n            if time.monotonic() > end_time:\n                break\n>       raise TimeoutException(message, screen, stacktrace)\nE       selenium.common.exceptions.TimeoutException: Message: \nE       Stacktrace:\nE       Symbols not available. Dumping unresolved backtrace:\nE       \t0x454103\nE       \t0x454144\nE       \t0x25e71d\nE       \t0x2aa03d\nE       \t0x2aa41b\nE       \t0x2f17f2\nE       \t0x2cc954\nE       \t0x2eee17\nE       \t0x2cc706\nE       \t0x29da30\nE       \t0x29ed54\nE       \t0x6c57b4\nE       \t0x6c098a\nE       \t0x47c392\nE       \t0x46c4c8\nE       \t0x47324d\nE       \t0x45c478\nE       \t0x45c63c\nE       \t0x4467ca\nE       \t0x75a75d49\nE       \t0x7751d6db\nE       \t0x7751d661\n\nD:\\thuan\\anaconda3\\envs\\flask_env\\lib\\site-packages\\selenium\\webdriver\\support\\wait.py:105: TimeoutException"}, "attachments": [{"name": "FAILED_test_can_select_momo", "source": "c7d9b469-46a3-4e53-9716-5925b01f9920-attachment.png", "type": "image/png"}, {"name": "stdout", "source": "daf24c38-b287-44cf-bcf4-3904890a3ece-attachment.txt", "type": "text/plain"}], "start": 1765418950448, "stop": 1765418993866, "uuid": "9347d87a-4c0e-4937-8455-6338bcad25fe", "historyId": "b4c416255c474a19ef7ff27c9a0262f8", "testCaseId": "b4c416255c474a19ef7ff27c9a0262f8", "fullName": "tests.test_cases.test_booking_complete.TestBookingFlow#test_can_select_momo", "labels": [{"name": "feature", "value": "Booking Flow"}, {"name": "parentSuite", "value": "tests.test_cases"}, {"name": "suite", "value": "test_booking_complete"}, {"name": "subSuite", "value": "TestBookingFlow"}, {"name": "host", "value": "VANTHUAN"}, {"name": "thread", "value": "10984-MainThread"}, {"name": "framework", "value": "pytest"}, {"name": "language", "value": "cpython3"}, {"name": "package", "value": "tests.test_cases.test_booking_complete"}]}