{"name": "TC_PAYMENT_002: Thanh toán tiền mặt", "status": "failed", "statusDetails": {"message": "AssertionError: URL sai: http://localhost:5000/booking/26?date=2025-12-6\nassert False\n +  where False = any(<generator object BookingFlow.select_seat_and_continue.<locals>.<genexpr> at 0x0000019938273300>)", "trace": "self = <tests.test_cases.test_booking_complete.TestBookingFlow object at 0x0000019936CEBD60>\ndriver = <selenium.webdriver.chrome.webdriver.WebDriver (session=\"f2d444c57c17c37eb9b79987f6028b33\")>\nwait = <selenium.webdriver.support.wait.WebDriverWait (session=\"f2d444c57c17c37eb9b79987f6028b33\")>\n\n    @allure.title(\"TC_PAYMENT_002: Thanh toán tiền mặt\")\n    def test_payment_cash(self, driver, wait):\n        flow = BookingFlow(driver, wait)\n        flow.login()\n        flow.go_to_seat_selection()\n>       flow.select_seat_and_continue([6])\n\ntests\\test_cases\\test_booking_complete.py:163: \n_ _ _ _ _ _ _ _ _ _ _ _ _ _ _ _ _ _ _ _ _ _ _ _ _ _ _ _ _ _ _ _ _ _ _ _ _ _ _ _ _ _ _ _ _ _ _ _ _ _ _ _ _ _ _ _ _ _ _ _ _ _ _ _ _ _ _ _ _ _ _ _ _ _ _ _ _ _ _ _ _ _ \n\nself = <tests.test_cases.test_booking_complete.BookingFlow object at 0x0000019936CE7250>, seats = [6]\n\n    def select_seat_and_continue(self, seats=[1, 2]):\n        # Chọn ghế\n        for num in seats:\n            try:\n                seat = self.wait.until(\n                    EC.element_to_be_clickable((By.CSS_SELECTOR, f\".seat.available[data-seat='{num}']\"))\n                )\n                seat.click()\n                time.sleep(1)\n            except:\n                print(f\"Ghế {num} không trống, thử ghế khác...\")\n    \n        # Điền thông tin\n        self.driver.find_element(By.NAME, \"passenger_name\").send_keys(\"Nguyễn Văn Test\")\n        self.driver.find_element(By.NAME, \"passenger_phone\").send_keys(\"0901234567\")\n        self.driver.find_element(By.NAME, \"passenger_email\").send_keys(\"test@gmail.com\")\n    \n        # Click tiếp tục\n        btn = self.wait.until(EC.element_to_be_clickable((By.ID, \"btnContinue\")))\n        btn.click()\n        time.sleep(5)\n    \n        # TRANG THANH TOÁN CỦA BẠN LÀ /booking/payment HOẶC /payment\n        current = self.driver.current_url.lower()\n>       assert any(x in current for x in [\"payment\", \"booking/payment\"]), f\"URL sai: {current}\"\nE       AssertionError: URL sai: http://localhost:5000/booking/26?date=2025-12-6\nE       assert False\nE        +  where False = any(<generator object BookingFlow.select_seat_and_continue.<locals>.<genexpr> at 0x0000019938273300>)\n\ntests\\test_cases\\test_booking_complete.py:118: AssertionError"}, "attachments": [{"name": "FAILED_test_payment_cash", "source": "52275660-4c5b-49c4-8bc1-b446cd4197f8-attachment.png", "type": "image/png"}, {"name": "stdout", "source": "a6187498-462c-489c-b9e8-343a7117e602-attachment.txt", "type": "text/plain"}], "start": 1765418578705, "stop": 1765418600155, "uuid": "95b7537d-6a76-4468-8ed4-e55c95cebfe2", "historyId": "b9a7a0cc06d3eed78ae30cd3024bc7f5", "testCaseId": "b9a7a0cc06d3eed78ae30cd3024bc7f5", "fullName": "tests.test_cases.test_booking_complete.TestBookingFlow#test_payment_cash", "labels": [{"name": "feature", "value": "Booking Flow"}, {"name": "parentSuite", "value": "tests.test_cases"}, {"name": "suite", "value": "test_booking_complete"}, {"name": "subSuite", "value": "TestBookingFlow"}, {"name": "host", "value": "VANTHUAN"}, {"name": "thread", "value": "32228-MainThread"}, {"name": "framework", "value": "pytest"}, {"name": "language", "value": "cpython3"}, {"name": "package", "value": "tests.test_cases.test_booking_complete"}]}