{"name": "TC_PAYMENT_003: Countdown hoạt động", "status": "failed", "statusDetails": {"message": "AssertionError: URL sai: http://localhost:5000/booking/26?date=2025-12-6\nassert False\n +  where False = any(<generator object BookingFlow.select_seat_and_continue.<locals>.<genexpr> at 0x00000199382DC4A0>)", "trace": "self = <tests.test_cases.test_booking_complete.TestBookingFlow object at 0x0000019936CEBAF0>\ndriver = <selenium.webdriver.chrome.webdriver.WebDriver (session=\"db5e546d35dddc54e182285649f97e1d\")>\nwait = <selenium.webdriver.support.wait.WebDriverWait (session=\"db5e546d35dddc54e182285649f97e1d\")>\n\n    @allure.title(\"TC_PAYMENT_003: Countdown hoạt động\")\n    def test_countdown(self, driver, wait):\n        flow = BookingFlow(driver, wait)\n        flow.login()\n        flow.go_to_seat_selection()\n>       flow.select_seat_and_continue([1])\n\ntests\\test_cases\\test_booking_complete.py:175: \n_ _ _ _ _ _ _ _ _ _ _ _ _ _ _ _ _ _ _ _ _ _ _ _ _ _ _ _ _ _ _ _ _ _ _ _ _ _ _ _ _ _ _ _ _ _ _ _ _ _ _ _ _ _ _ _ _ _ _ _ _ _ _ _ _ _ _ _ _ _ _ _ _ _ _ _ _ _ _ _ _ _ \n\nself = <tests.test_cases.test_booking_complete.BookingFlow object at 0x000001993829D450>, seats = [1]\n\n    def select_seat_and_continue(self, seats=[1, 2]):\n        # Chọn ghế\n        for num in seats:\n            try:\n                seat = self.wait.until(\n                    EC.element_to_be_clickable((By.CSS_SELECTOR, f\".seat.available[data-seat='{num}']\"))\n                )\n                seat.click()\n                time.sleep(1)\n            except:\n                print(f\"Ghế {num} không trống, thử ghế khác...\")\n    \n        # Điền thông tin\n        self.driver.find_element(By.NAME, \"passenger_name\").send_keys(\"Nguyễn Văn Test\")\n        self.driver.find_element(By.NAME, \"passenger_phone\").send_keys(\"0901234567\")\n        self.driver.find_element(By.NAME, \"passenger_email\").send_keys(\"test@gmail.com\")\n    \n        # Click tiếp tục\n        btn = self.wait.until(EC.element_to_be_clickable((By.ID, \"btnContinue\")))\n        btn.click()\n        time.sleep(5)\n    \n        # TRANG THANH TOÁN CỦA BẠN LÀ /booking/payment HOẶC /payment\n        current = self.driver.current_url.lower()\n>       assert any(x in current for x in [\"payment\", \"booking/payment\"]), f\"URL sai: {current}\"\nE       AssertionError: URL sai: http://localhost:5000/booking/26?date=2025-12-6\nE       assert False\nE        +  where False = any(<generator object BookingFlow.select_seat_and_continue.<locals>.<genexpr> at 0x00000199382DC4A0>)\n\ntests\\test_cases\\test_booking_complete.py:118: AssertionError"}, "attachments": [{"name": "FAILED_test_countdown", "source": "126c5519-aa77-4906-afaa-634f7314648f-attachment.png", "type": "image/png"}, {"name": "stdout", "source": "3f823d3b-dd3c-43b9-b23c-010ea0ee4b16-attachment.txt", "type": "text/plain"}], "start": 1765418607117, "stop": 1765418628740, "uuid": "2339b7a6-2222-493c-b0ea-7ba2045ea811", "historyId": "1d99db91e1917321eeffa0a29ca27228", "testCaseId": "1d99db91e1917321eeffa0a29ca27228", "fullName": "tests.test_cases.test_booking_complete.TestBookingFlow#test_countdown", "labels": [{"name": "feature", "value": "Booking Flow"}, {"name": "parentSuite", "value": "tests.test_cases"}, {"name": "suite", "value": "test_booking_complete"}, {"name": "subSuite", "value": "TestBookingFlow"}, {"name": "host", "value": "VANTHUAN"}, {"name": "thread", "value": "32228-MainThread"}, {"name": "framework", "value": "pytest"}, {"name": "language", "value": "cpython3"}, {"name": "package", "value": "tests.test_cases.test_booking_complete"}]}