{"name": "TC_SEAT_001: Chọn ghế thành công và chuyển sang thanh toán", "status": "failed", "statusDetails": {"message": "AssertionError: Không chuyển sang trang thanh toán!\nassert 'payment' in 'http://localhost:5000/booking/26?date=2025-12-6'\n +  where 'http://localhost:5000/booking/26?date=2025-12-6' = <built-in method lower of str object at 0x000001EC7D498630>()\n +    where <built-in method lower of str object at 0x000001EC7D498630> = 'http://localhost:5000/booking/26?date=2025-12-6'.lower\n +      where 'http://localhost:5000/booking/26?date=2025-12-6' = <selenium.webdriver.chrome.webdriver.WebDriver (session=\"7a86da7b9df504e2589e1194755b634e\")>.current_url\n +        where <selenium.webdriver.chrome.webdriver.WebDriver (session=\"7a86da7b9df504e2589e1194755b634e\")> = <tests.test_cases.test_booking_complete.BookingFlow object at 0x000001EC7D404220>.driver", "trace": "self = <tests.test_cases.test_booking_complete.TestBookingFlow object at 0x000001EC7D406200>\ndriver = <selenium.webdriver.chrome.webdriver.WebDriver (session=\"7a86da7b9df504e2589e1194755b634e\")>\nwait = <selenium.webdriver.support.wait.WebDriverWait (session=\"7a86da7b9df504e2589e1194755b634e\")>\n\n    @allure.title(\"TC_SEAT_001: Chọn ghế thành công và chuyển sang thanh toán\")\n    @allure.severity(allure.severity_level.CRITICAL)\n    def test_select_seat_success(self, driver, wait):\n        flow = BookingFlow(driver, wait)\n        flow.login()\n        flow.search_and_go_to_seat_selection()\n>       flow.select_seat_and_continue([5, 6])\n\ntests\\test_cases\\test_booking_complete.py:174: \n_ _ _ _ _ _ _ _ _ _ _ _ _ _ _ _ _ _ _ _ _ _ _ _ _ _ _ _ _ _ _ _ _ _ _ _ _ _ _ _ _ _ _ _ _ _ _ _ _ _ _ _ _ _ _ _ _ _ _ _ _ _ _ _ _ _ _ _ _ _ _ _ _ _ _ _ _ _ _ _ _ _ \n\nself = <tests.test_cases.test_booking_complete.BookingFlow object at 0x000001EC7D404220>, seat_numbers = [5, 6]\n\n    def select_seat_and_continue(self, seat_numbers=[1, 2]):\n        for num in seat_numbers:\n            seat = self.wait.until(\n                EC.element_to_be_clickable((By.CSS_SELECTOR, f\".seat.available[data-seat='{num}']\"))\n            )\n            seat.click()\n            time.sleep(0.7)\n    \n        # Điền thông tin hành khách\n        self.driver.find_element(By.NAME, \"passenger_name\").send_keys(\"Nguyễn Văn Test\")\n        self.driver.find_element(By.NAME, \"passenger_phone\").send_keys(\"0901234567\")\n        self.driver.find_element(By.NAME, \"passenger_email\").send_keys(\"test@gmail.com\")\n    \n        continue_btn = self.wait.until(EC.element_to_be_clickable((By.ID, \"btnContinue\")))\n        assert not continue_btn.is_enabled() or continue_btn.is_enabled()\n        continue_btn.click()\n        time.sleep(4)\n>       assert \"payment\" in self.driver.current_url.lower(), \"Không chuyển sang trang thanh toán!\"\nE       AssertionError: Không chuyển sang trang thanh toán!\nE       assert 'payment' in 'http://localhost:5000/booking/26?date=2025-12-6'\nE        +  where 'http://localhost:5000/booking/26?date=2025-12-6' = <built-in method lower of str object at 0x000001EC7D498630>()\nE        +    where <built-in method lower of str object at 0x000001EC7D498630> = 'http://localhost:5000/booking/26?date=2025-12-6'.lower\nE        +      where 'http://localhost:5000/booking/26?date=2025-12-6' = <selenium.webdriver.chrome.webdriver.WebDriver (session=\"7a86da7b9df504e2589e1194755b634e\")>.current_url\nE        +        where <selenium.webdriver.chrome.webdriver.WebDriver (session=\"7a86da7b9df504e2589e1194755b634e\")> = <tests.test_cases.test_booking_complete.BookingFlow object at 0x000001EC7D404220>.driver\n\ntests\\test_cases\\test_booking_complete.py:147: AssertionError"}, "attachments": [{"name": "FAILED_test_select_seat_success", "source": "58f4e385-1d02-458a-99ad-34088c8d378f-attachment.png", "type": "image/png"}, {"name": "stdout", "source": "73633abc-b1bd-45c4-816b-2246be3a8fd2-attachment.txt", "type": "text/plain"}], "start": 1765417916823, "stop": 1765417936664, "uuid": "fbfb15f3-a4ac-415c-b906-686aac724865", "historyId": "2c0827ebe8b9a23ba6cc9ad9c82b5512", "testCaseId": "2c0827ebe8b9a23ba6cc9ad9c82b5512", "fullName": "tests.test_cases.test_booking_complete.TestBookingFlow#test_select_seat_success", "labels": [{"name": "severity", "value": "critical"}, {"name": "suite", "value": "Seat Selection & Payment Tests"}, {"name": "feature", "value": "Booking Flow"}, {"name": "parentSuite", "value": "tests.test_cases"}, {"name": "subSuite", "value": "TestBookingFlow"}, {"name": "host", "value": "VANTHUAN"}, {"name": "thread", "value": "33164-MainThread"}, {"name": "framework", "value": "pytest"}, {"name": "language", "value": "cpython3"}, {"name": "package", "value": "tests.test_cases.test_booking_complete"}]}