{"name": "TC_SORT_001: Sắp xếp theo giá tăng dần", "status": "failed", "statusDetails": {"message": "AssertionError: assert 0 > 0\n +  where 0 = len([])", "trace": "self = <tests.test_cases.test_search_complete.TestSorting object at 0x0000027F7AAD92A0>\nlogged_in_driver = <selenium.webdriver.chrome.webdriver.WebDriver (session=\"74c9c05bbfc701c9319d5a6bbe11d302\")>\nsearch_page = <tests.test_cases.test_search_complete.SearchPage object at 0x0000027F7AB02CB0>\n\n    @allure.title(\"TC_SORT_001: Sắp xếp theo giá tăng dần\")\n    @allure.severity(allure.severity_level.NORMAL)\n    def test_sort_by_price_ascending(self, logged_in_driver, search_page):\n        \"\"\"Test sắp xếp theo giá\"\"\"\n        with allure.step(\"Mở trang search với kết quả\"):\n            search_data = SEARCH_DATA[\"valid_search\"]\n            search_page.open_search(\n                search_data[\"departure\"],\n                search_data[\"arrival\"],\n                search_data[\"date\"]\n            )\n            time.sleep(2)\n    \n        with allure.step(\"Click sắp xếp theo giá tăng dần\"):\n            search_page.click_sort_price_asc()\n            time.sleep(1)\n    \n        with allure.step(\"Verify nút sort active\"):\n            active_sort = search_page.get_active_sort_button()\n            assert \"Giá tăng dần\" in active_sort\n    \n        with allure.step(\"Verify kết quả vẫn hiển thị\"):\n            visible_cards = search_page.get_visible_trip_cards()\n>           assert len(visible_cards) > 0\nE           assert 0 > 0\nE            +  where 0 = len([])\n\ntests\\test_cases\\test_search_complete.py:507: AssertionError"}, "description": "Test sắp xếp theo giá", "steps": [{"name": "Mở trang search với kết quả", "status": "passed", "start": 1765415853243, "stop": 1765415855592}, {"name": "Click sắp xếp theo giá tăng dần", "status": "passed", "start": 1765415855592, "stop": 1765415856667}, {"name": "Verify nút sort active", "status": "passed", "start": 1765415856667, "stop": 1765415856689}, {"name": "Verify kết quả vẫn hiển thị", "status": "failed", "statusDetails": {"message": "AssertionError: assert 0 > 0\n +  where 0 = len([])\n", "trace": "  File \"D:\\CacMonHoc\\DACNCNPM\\bus_ticket\\tests\\test_cases\\test_search_complete.py\", line 507, in test_sort_by_price_ascending\n    assert len(visible_cards) > 0\n"}, "start": 1765415856689, "stop": 1765415866699}], "attachments": [{"name": "FAILED_test_sort_by_price_ascending", "source": "aeec154b-ae4c-49c8-8839-7eadbbc47ac8-attachment.png", "type": "image/png"}, {"name": "stdout", "source": "1ab2a863-6b19-48e9-960a-1ace742d7637-attachment.txt", "type": "text/plain"}], "start": 1765415853242, "stop": 1765415866704, "uuid": "f1af7e3f-49b0-44ef-a328-71bec7d15b5d", "historyId": "e4afaeaca712ac72f9d4b096fb1ca354", "testCaseId": "e4afaeaca712ac72f9d4b096fb1ca354", "fullName": "tests.test_cases.test_search_complete.TestSorting#test_sort_by_price_ascending", "labels": [{"name": "suite", "value": "Sorting Tests"}, {"name": "feature", "value": "Search & Filter"}, {"name": "severity", "value": "normal"}, {"name": "parentSuite", "value": "tests.test_cases"}, {"name": "subSuite", "value": "TestSorting"}, {"name": "host", "value": "VANTHUAN"}, {"name": "thread", "value": "21240-MainThread"}, {"name": "framework", "value": "pytest"}, {"name": "language", "value": "cpython3"}, {"name": "package", "value": "tests.test_cases.test_search_complete"}]}