{"name": "TC_SEAT_001: Chọn ghế thành công → chuyển sang thanh toán", "status": "failed", "statusDetails": {"message": "AssertionError: URL sai: http://localhost:5000/booking/26?date=2025-12-6\nassert False\n +  where False = any(<generator object BookingFlow.select_seats_and_continue.<locals>.<genexpr> at 0x000001A36AAA59A0>)", "trace": "self = <tests.test_cases.test_booking_complete.TestBookingFlow object at 0x000001A36AA776D0>\ndriver = <selenium.webdriver.chrome.webdriver.WebDriver (session=\"fb43f11c186a34a8a277762b8d52b075\")>\nwait = <selenium.webdriver.support.wait.WebDriverWait (session=\"fb43f11c186a34a8a277762b8d52b075\")>\n\n    @allure.title(\"TC_SEAT_001: Chọn ghế thành công → chuyển sang thanh toán\")\n    def test_select_seat_and_go_to_payment(self, driver, wait):\n        flow = BookingFlow(driver, wait)\n        flow.login()\n        flow.go_to_seat_selection()\n>       flow.select_seats_and_continue([5, 6])\n\ntests\\test_cases\\test_booking_complete.py:142: \n_ _ _ _ _ _ _ _ _ _ _ _ _ _ _ _ _ _ _ _ _ _ _ _ _ _ _ _ _ _ _ _ _ _ _ _ _ _ _ _ _ _ _ _ _ _ _ _ _ _ _ _ _ _ _ _ _ _ _ _ _ _ _ _ _ _ _ _ _ _ _ _ _ _ _ _ _ _ _ _ _ _ \n\nself = <tests.test_cases.test_booking_complete.BookingFlow object at 0x000001A36AAB5CF0>, seats = [5, 6]\n\n    def select_seats_and_continue(self, seats=[3, 4]):\n        for seat_num in seats:\n            try:\n                seat = self.wait.until(\n                    EC.element_to_be_clickable((By.CSS_SELECTOR, f\".seat.available[data-seat='{seat_num}']\"))\n                )\n                seat.click()\n                time.sleep(0.8)\n            except:\n                print(f\"Ghế {seat_num} không khả dụng, bỏ qua...\")\n    \n        self.driver.find_element(By.NAME, \"passenger_name\").send_keys(\"Nguyễn Văn Test\")\n        self.driver.find_element(By.NAME, \"passenger_phone\").send_keys(\"0901234567\")\n        self.driver.find_element(By.NAME, \"passenger_email\").send_keys(\"test@gmail.com\")\n    \n        btn = self.wait.until(EC.element_to_be_clickable((By.ID, \"btnContinue\")))\n        btn.click()\n        time.sleep(4)\n    \n        # TRANG THANH TOÁN CỦA BẠN LÀ /booking/payment HOẶC /payment\n        current = self.driver.current_url.lower()\n>       assert any(x in current for x in [\"payment\", \"booking/payment\"]), f\"URL sai: {current}\"\nE       AssertionError: URL sai: http://localhost:5000/booking/26?date=2025-12-6\nE       assert False\nE        +  where False = any(<generator object BookingFlow.select_seats_and_continue.<locals>.<genexpr> at 0x000001A36AAA59A0>)\n\ntests\\test_cases\\test_booking_complete.py:123: AssertionError"}, "attachments": [{"name": "FAILED_test_select_seat_and_go_to_payment", "source": "db445606-1d8f-4a0e-91da-a305e2e425b8-attachment.png", "type": "image/png"}, {"name": "stdout", "source": "06476499-246a-4e25-ae0e-102ff0a8e5ba-attachment.txt", "type": "text/plain"}], "start": 1765418236188, "stop": 1765418256885, "uuid": "01cb43d9-0465-44b4-bdeb-59f16349d5eb", "historyId": "aa5e31a94b478a2ac879228b9c560c22", "testCaseId": "aa5e31a94b478a2ac879228b9c560c22", "fullName": "tests.test_cases.test_booking_complete.TestBookingFlow#test_select_seat_and_go_to_payment", "labels": [{"name": "feature", "value": "Booking Flow"}, {"name": "parentSuite", "value": "tests.test_cases"}, {"name": "suite", "value": "test_booking_complete"}, {"name": "subSuite", "value": "TestBookingFlow"}, {"name": "host", "value": "VANTHUAN"}, {"name": "thread", "value": "9692-MainThread"}, {"name": "framework", "value": "pytest"}, {"name": "language", "value": "cpython3"}, {"name": "package", "value": "tests.test_cases.test_booking_complete"}]}