{"name": "TC_PAYMENT_002: Thanh toán tiền mặt (mặc định)", "status": "failed", "statusDetails": {"message": "AssertionError: URL sai: http://localhost:5000/booking/26?date=2025-12-6\nassert False\n +  where False = any(<generator object BookingFlow.select_seats_and_continue.<locals>.<genexpr> at 0x000001A36C053D10>)", "trace": "self = <tests.test_cases.test_booking_complete.TestBookingFlow object at 0x000001A36AAB7D90>\ndriver = <selenium.webdriver.chrome.webdriver.WebDriver (session=\"037badc6d1c997358e855ae2f26bc3ce\")>\nwait = <selenium.webdriver.support.wait.WebDriverWait (session=\"037badc6d1c997358e855ae2f26bc3ce\")>\n\n    @allure.title(\"TC_PAYMENT_002: Thanh toán tiền mặt (mặc định)\")\n    def test_payment_cash(self, driver, wait):\n        flow = BookingFlow(driver, wait)\n        flow.login()\n        flow.go_to_seat_selection()\n>       flow.select_seats_and_continue([7])\n\ntests\\test_cases\\test_booking_complete.py:168: \n_ _ _ _ _ _ _ _ _ _ _ _ _ _ _ _ _ _ _ _ _ _ _ _ _ _ _ _ _ _ _ _ _ _ _ _ _ _ _ _ _ _ _ _ _ _ _ _ _ _ _ _ _ _ _ _ _ _ _ _ _ _ _ _ _ _ _ _ _ _ _ _ _ _ _ _ _ _ _ _ _ _ \n\nself = <tests.test_cases.test_booking_complete.BookingFlow object at 0x000001A36AAB3490>, seats = [7]\n\n    def select_seats_and_continue(self, seats=[3, 4]):\n        for seat_num in seats:\n            try:\n                seat = self.wait.until(\n                    EC.element_to_be_clickable((By.CSS_SELECTOR, f\".seat.available[data-seat='{seat_num}']\"))\n                )\n                seat.click()\n                time.sleep(0.8)\n            except:\n                print(f\"Ghế {seat_num} không khả dụng, bỏ qua...\")\n    \n        self.driver.find_element(By.NAME, \"passenger_name\").send_keys(\"Nguyễn Văn Test\")\n        self.driver.find_element(By.NAME, \"passenger_phone\").send_keys(\"0901234567\")\n        self.driver.find_element(By.NAME, \"passenger_email\").send_keys(\"test@gmail.com\")\n    \n        btn = self.wait.until(EC.element_to_be_clickable((By.ID, \"btnContinue\")))\n        btn.click()\n        time.sleep(4)\n    \n        # TRANG THANH TOÁN CỦA BẠN LÀ /booking/payment HOẶC /payment\n        current = self.driver.current_url.lower()\n>       assert any(x in current for x in [\"payment\", \"booking/payment\"]), f\"URL sai: {current}\"\nE       AssertionError: URL sai: http://localhost:5000/booking/26?date=2025-12-6\nE       assert False\nE        +  where False = any(<generator object BookingFlow.select_seats_and_continue.<locals>.<genexpr> at 0x000001A36C053D10>)\n\ntests\\test_cases\\test_booking_complete.py:123: AssertionError"}, "attachments": [{"name": "FAILED_test_payment_cash", "source": "d4e335e7-b42b-48d4-85f2-fb87fd6ab720-attachment.png", "type": "image/png"}, {"name": "stdout", "source": "1269bc96-6bce-459e-9254-30f109f5b07f-attachment.txt", "type": "text/plain"}], "start": 1765418323059, "stop": 1765418340846, "uuid": "d6c0eb5e-dad3-4038-bde7-7a4d70083e0f", "historyId": "b9a7a0cc06d3eed78ae30cd3024bc7f5", "testCaseId": "b9a7a0cc06d3eed78ae30cd3024bc7f5", "fullName": "tests.test_cases.test_booking_complete.TestBookingFlow#test_payment_cash", "labels": [{"name": "feature", "value": "Booking Flow"}, {"name": "parentSuite", "value": "tests.test_cases"}, {"name": "suite", "value": "test_booking_complete"}, {"name": "subSuite", "value": "TestBookingFlow"}, {"name": "host", "value": "VANTHUAN"}, {"name": "thread", "value": "9692-MainThread"}, {"name": "framework", "value": "pytest"}, {"name": "language", "value": "cpython3"}, {"name": "package", "value": "tests.test_cases.test_booking_complete"}]}