{"name": "TC_PAYMENT_001: Chọn được MoMo", "status": "broken", "statusDetails": {"message": "selenium.common.exceptions.TimeoutException: Message: \nStacktrace:\nSymbols not available. Dumping unresolved backtrace:\n\t0x754103\n\t0x754144\n\t0x55e71d\n\t0x5aa03d\n\t0x5aa41b\n\t0x5f17f2\n\t0x5cc954\n\t0x5eee17\n\t0x5cc706\n\t0x59da30\n\t0x59ed54\n\t0x9c57b4\n\t0x9c098a\n\t0x77c392\n\t0x76c4c8\n\t0x77324d\n\t0x75c478\n\t0x75c63c\n\t0x7467ca\n\t0x75a75d49\n\t0x7751d6db\n\t0x7751d661", "trace": "self = <tests.test_cases.test_booking_complete.TestBookingFlow object at 0x000001D1B1693670>\ndriver = <selenium.webdriver.chrome.webdriver.WebDriver (session=\"63a550123a68303b2b261d8decc61062\")>\nwait = <selenium.webdriver.support.wait.WebDriverWait (session=\"63a550123a68303b2b261d8decc61062\")>\n\n    @allure.title(\"TC_PAYMENT_001: Chọn được MoMo\")\n    def test_select_momo(self, driver, wait):\n        flow = BookingFlow(driver, wait)\n        flow.login()\n        flow.go_to_seat_selection()\n        flow.select_seat_and_continue([4])\n    \n>       momo = wait.until(EC.element_to_be_clickable((By.CSS_SELECTOR, \"input[value='momo']\")))\n\ntests\\test_cases\\test_booking_complete.py:126: \n_ _ _ _ _ _ _ _ _ _ _ _ _ _ _ _ _ _ _ _ _ _ _ _ _ _ _ _ _ _ _ _ _ _ _ _ _ _ _ _ _ _ _ _ _ _ _ _ _ _ _ _ _ _ _ _ _ _ _ _ _ _ _ _ _\n\nself = <selenium.webdriver.support.wait.WebDriverWait (session=\"63a550123a68303b2b261d8decc61062\")>\nmethod = <function element_to_be_clickable.<locals>._predicate at 0x000001D1B2C6FAC0>, message = ''\n\n    def until(self, method: Callable[[D], Union[Literal[False], T]], message: str = \"\") -> T:\n        \"\"\"Calls the method provided with the driver as an argument until the \\\n        return value does not evaluate to ``False``.\n    \n        :param method: callable(WebDriver)\n        :param message: optional message for :exc:`TimeoutException`\n        :returns: the result of the last call to `method`\n        :raises: :exc:`selenium.common.exceptions.TimeoutException` if timeout occurs\n        \"\"\"\n        screen = None\n        stacktrace = None\n    \n        end_time = time.monotonic() + self._timeout\n        while True:\n            try:\n                value = method(self._driver)\n                if value:\n                    return value\n            except self._ignored_exceptions as exc:\n                screen = getattr(exc, \"screen\", None)\n                stacktrace = getattr(exc, \"stacktrace\", None)\n            time.sleep(self._poll)\n            if time.monotonic() > end_time:\n                break\n>       raise TimeoutException(message, screen, stacktrace)\nE       selenium.common.exceptions.TimeoutException: Message: \nE       Stacktrace:\nE       Symbols not available. Dumping unresolved backtrace:\nE       \t0x754103\nE       \t0x754144\nE       \t0x55e71d\nE       \t0x5aa03d\nE       \t0x5aa41b\nE       \t0x5f17f2\nE       \t0x5cc954\nE       \t0x5eee17\nE       \t0x5cc706\nE       \t0x59da30\nE       \t0x59ed54\nE       \t0x9c57b4\nE       \t0x9c098a\nE       \t0x77c392\nE       \t0x76c4c8\nE       \t0x77324d\nE       \t0x75c478\nE       \t0x75c63c\nE       \t0x7467ca\nE       \t0x75a75d49\nE       \t0x7751d6db\nE       \t0x7751d661\n\nD:\\thuan\\anaconda3\\envs\\flask_env\\lib\\site-packages\\selenium\\webdriver\\support\\wait.py:105: TimeoutException"}, "attachments": [{"name": "FAILED_test_select_momo", "source": "c2fb535d-e786-455c-a40b-fc31346bf79d-attachment.png", "type": "image/png"}, {"name": "stdout", "source": "4697f71f-cd27-44a4-ba57-677b4dfff63f-attachment.txt", "type": "text/plain"}], "start": 1765448187241, "stop": 1765448230191, "uuid": "79ef0aa0-07d9-4628-a74e-5185ea5b0ce5", "historyId": "1444f9b024429d9546ee09feb8aa85bd", "testCaseId": "1444f9b024429d9546ee09feb8aa85bd", "fullName": "tests.test_cases.test_booking_complete.TestBookingFlow#test_select_momo", "labels": [{"name": "feature", "value": "Booking Flow"}, {"name": "parentSuite", "value": "tests.test_cases"}, {"name": "suite", "value": "test_booking_complete"}, {"name": "subSuite", "value": "TestBookingFlow"}, {"name": "host", "value": "VANTHUAN"}, {"name": "thread", "value": "21268-MainThread"}, {"name": "framework", "value": "pytest"}, {"name": "language", "value": "cpython3"}, {"name": "package", "value": "tests.test_cases.test_booking_complete"}]}