{"name": "TC_PAYMENT_003: Countdown timer hoạt động", "status": "failed", "statusDetails": {"message": "AssertionError: URL sai: http://localhost:5000/booking/26?date=2025-12-6\nassert False\n +  where False = any(<generator object BookingFlow.select_seats_and_continue.<locals>.<genexpr> at 0x000001A36C0C0660>)", "trace": "self = <tests.test_cases.test_booking_complete.TestBookingFlow object at 0x000001A36AAB7B50>\ndriver = <selenium.webdriver.chrome.webdriver.WebDriver (session=\"64f733a46c3f1d1c5c422f6063b39d2b\")>\nwait = <selenium.webdriver.support.wait.WebDriverWait (session=\"64f733a46c3f1d1c5c422f6063b39d2b\")>\n\n    @allure.title(\"TC_PAYMENT_003: Countdown timer hoạt động\")\n    def test_countdown_timer(self, driver, wait):\n        flow = BookingFlow(driver, wait)\n        flow.login()\n        flow.go_to_seat_selection()\n>       flow.select_seats_and_continue([1])\n\ntests\\test_cases\\test_booking_complete.py:180: \n_ _ _ _ _ _ _ _ _ _ _ _ _ _ _ _ _ _ _ _ _ _ _ _ _ _ _ _ _ _ _ _ _ _ _ _ _ _ _ _ _ _ _ _ _ _ _ _ _ _ _ _ _ _ _ _ _ _ _ _ _ _ _ _ _ _ _ _ _ _ _ _ _ _ _ _ _ _ _ _ _ _ \n\nself = <tests.test_cases.test_booking_complete.BookingFlow object at 0x000001A36C07F9D0>, seats = [1]\n\n    def select_seats_and_continue(self, seats=[3, 4]):\n        for seat_num in seats:\n            try:\n                seat = self.wait.until(\n                    EC.element_to_be_clickable((By.CSS_SELECTOR, f\".seat.available[data-seat='{seat_num}']\"))\n                )\n                seat.click()\n                time.sleep(0.8)\n            except:\n                print(f\"Ghế {seat_num} không khả dụng, bỏ qua...\")\n    \n        self.driver.find_element(By.NAME, \"passenger_name\").send_keys(\"Nguyễn Văn Test\")\n        self.driver.find_element(By.NAME, \"passenger_phone\").send_keys(\"0901234567\")\n        self.driver.find_element(By.NAME, \"passenger_email\").send_keys(\"test@gmail.com\")\n    \n        btn = self.wait.until(EC.element_to_be_clickable((By.ID, \"btnContinue\")))\n        btn.click()\n        time.sleep(4)\n    \n        # TRANG THANH TOÁN CỦA BẠN LÀ /booking/payment HOẶC /payment\n        current = self.driver.current_url.lower()\n>       assert any(x in current for x in [\"payment\", \"booking/payment\"]), f\"URL sai: {current}\"\nE       AssertionError: URL sai: http://localhost:5000/booking/26?date=2025-12-6\nE       assert False\nE        +  where False = any(<generator object BookingFlow.select_seats_and_continue.<locals>.<genexpr> at 0x000001A36C0C0660>)\n\ntests\\test_cases\\test_booking_complete.py:123: AssertionError"}, "attachments": [{"name": "FAILED_test_countdown_timer", "source": "b013dee1-48da-426d-9ee7-49b5939a0a69-attachment.png", "type": "image/png"}, {"name": "stdout", "source": "80bdc774-1926-434e-a09c-8345d12d43cf-attachment.txt", "type": "text/plain"}], "start": 1765418346628, "stop": 1765418365563, "uuid": "7076cd92-95b3-4492-8375-49c3ed4a405d", "historyId": "14ec70cf74b69c854a0692bb12f38cfe", "testCaseId": "14ec70cf74b69c854a0692bb12f38cfe", "fullName": "tests.test_cases.test_booking_complete.TestBookingFlow#test_countdown_timer", "labels": [{"name": "feature", "value": "Booking Flow"}, {"name": "parentSuite", "value": "tests.test_cases"}, {"name": "suite", "value": "test_booking_complete"}, {"name": "subSuite", "value": "TestBookingFlow"}, {"name": "host", "value": "VANTHUAN"}, {"name": "thread", "value": "9692-MainThread"}, {"name": "framework", "value": "pytest"}, {"name": "language", "value": "cpython3"}, {"name": "package", "value": "tests.test_cases.test_booking_complete"}]}